# JRE version: Java(TM) SE Runtime Environment (17.0.2+8) (build 17.0.2+8-LTS-86)
# Java VM: Java HotSpot(TM) 64-Bit Server VM (17.0.2+8-LTS-86, mixed mode, sharing, tiered, compressed oops, compressed class ptrs, g1 gc, windows-amd64)
GC Precious Log:
 CPUs: 8 total, 8 available
 Memory: 7103M
 Large Page Support: Disabled
 NUMA Support: Disabled
 Compressed Oops: Enabled (32-bit)
 Heap Region Size: 1M
 Heap Min Capacity: 8M
 Heap Initial Capacity: 112M
 Heap Max Capacity: 1776M
 Pre-touch: Disabled
 Parallel Workers: 8
 Concurrent Workers: 2
 Concurrent Refinement Workers: 8
 Periodic GC: Disabled
Heap:
 garbage-first heap   total 186368K, used 114818K [0x0000000091000000, 0x0000000100000000)
  region size 1024K, 6 young (6144K), 6 survivors (6144K)
 Metaspace       used 46901K, committed 47552K, reserved 1097728K
  class space    used 5431K, committed 5760K, reserved 1048576K
GC Heap History (20 events):
Event: 25.317 GC heap after
{Heap after GC invocations=27 (full 0):
 garbage-first heap   total 152576K, used 70980K [0x0000000091000000, 0x0000000100000000)
  region size 1024K, 4 young (4096K), 4 survivors (4096K)
 Metaspace       used 43826K, committed 44416K, reserved 1089536K
  class space    used 5059K, committed 5376K, reserved 1048576K
}
Event: 27.523 GC heap before
{Heap before GC invocations=28 (full 0):
 garbage-first heap   total 152576K, used 124228K [0x0000000091000000, 0x0000000100000000)
  region size 1024K, 59 young (60416K), 4 survivors (4096K)
 Metaspace       used 45322K, committed 45952K, reserved 1089536K
  class space    used 5279K, committed 5568K, reserved 1048576K
}
Event: 27.537 GC heap after
{Heap after GC invocations=29 (full 0):
 garbage-first heap   total 152576K, used 73668K [0x0000000091000000, 0x0000000100000000)
  region size 1024K, 8 young (8192K), 8 survivors (8192K)
 Metaspace       used 45322K, committed 45952K, reserved 1089536K
  class space    used 5279K, committed 5568K, reserved 1048576K
}
Event: 27.549 GC heap before
{Heap before GC invocations=29 (full 0):
 garbage-first heap   total 152576K, used 74692K [0x0000000091000000, 0x0000000100000000)
  region size 1024K, 9 young (9216K), 8 survivors (8192K)
 Metaspace       used 45322K, committed 45952K, reserved 1089536K
  class space    used 5279K, committed 5568K, reserved 1048576K
}
Event: 27.560 GC heap after
{Heap after GC invocations=30 (full 0):
 garbage-first heap   total 152576K, used 66682K [0x0000000091000000, 0x0000000100000000)
  region size 1024K, 1 young (1024K), 1 survivors (1024K)
 Metaspace       used 45322K, committed 45952K, reserved 1089536K
  class space    used 5279K, committed 5568K, reserved 1048576K
}
Event: 29.247 GC heap before
{Heap before GC invocations=30 (full 0):
 garbage-first heap   total 152576K, used 125050K [0x0000000091000000, 0x0000000100000000)
  region size 1024K, 57 young (58368K), 1 survivors (1024K)
 Metaspace       used 45324K, committed 45952K, reserved 1089536K
  class space    used 5279K, committed 5568K, reserved 1048576K
}
Event: 29.258 GC heap after
{Heap after GC invocations=31 (full 0):
 garbage-first heap   total 152576K, used 74081K [0x0000000091000000, 0x0000000100000000)
  region size 1024K, 8 young (8192K), 8 survivors (8192K)
 Metaspace       used 45324K, committed 45952K, reserved 1089536K
  class space    used 5279K, committed 5568K, reserved 1048576K
}
Event: 30.109 GC heap before
{Heap before GC invocations=31 (full 0):
 garbage-first heap   total 152576K, used 119137K [0x0000000091000000, 0x0000000100000000)
  region size 1024K, 53 young (54272K), 8 survivors (8192K)
 Metaspace       used 45434K, committed 46016K, reserved 1089536K
  class space    used 5292K, committed 5568K, reserved 1048576K
}
Event: 30.123 GC heap after
{Heap after GC invocations=32 (full 0):
 garbage-first heap   total 152576K, used 79310K [0x0000000091000000, 0x0000000100000000)
  region size 1024K, 5 young (5120K), 5 survivors (5120K)
 Metaspace       used 45434K, committed 46016K, reserved 1089536K
  class space    used 5292K, committed 5568K, reserved 1048576K
}
Event: 31.280 GC heap before
{Heap before GC invocations=33 (full 0):
 garbage-first heap   total 152576K, used 134606K [0x0000000091000000, 0x0000000100000000)
  region size 1024K, 48 young (49152K), 5 survivors (5120K)
 Metaspace       used 45579K, committed 46208K, reserved 1089536K
  class space    used 5304K, committed 5632K, reserved 1048576K
}
Event: 31.295 GC heap after
{Heap after GC invocations=34 (full 0):
 garbage-first heap   total 152576K, used 95601K [0x0000000091000000, 0x0000000100000000)
  region size 1024K, 5 young (5120K), 5 survivors (5120K)
 Metaspace       used 45579K, committed 46208K, reserved 1089536K
  class space    used 5304K, committed 5632K, reserved 1048576K
}
Event: 31.349 GC heap before
{Heap before GC invocations=34 (full 0):
 garbage-first heap   total 152576K, used 97649K [0x0000000091000000, 0x0000000100000000)
  region size 1024K, 7 young (7168K), 5 survivors (5120K)
 Metaspace       used 45579K, committed 46208K, reserved 1089536K
  class space    used 5304K, committed 5632K, reserved 1048576K
}
Event: 31.355 GC heap after
{Heap after GC invocations=35 (full 0):
 garbage-first heap   total 152576K, used 95083K [0x0000000091000000, 0x0000000100000000)
  region size 1024K, 1 young (1024K), 1 survivors (1024K)
 Metaspace       used 45579K, committed 46208K, reserved 1089536K
  class space    used 5304K, committed 5632K, reserved 1048576K
}
Event: 32.006 GC heap before
{Heap before GC invocations=35 (full 0):
 garbage-first heap   total 152576K, used 122731K [0x0000000091000000, 0x0000000100000000)
  region size 1024K, 29 young (29696K), 1 survivors (1024K)
 Metaspace       used 45586K, committed 46208K, reserved 1089536K
  class space    used 5304K, committed 5632K, reserved 1048576K
}
Event: 32.013 GC heap after
{Heap after GC invocations=36 (full 0):
 garbage-first heap   total 152576K, used 97501K [0x0000000091000000, 0x0000000100000000)
  region size 1024K, 4 young (4096K), 4 survivors (4096K)
 Metaspace       used 45586K, committed 46208K, reserved 1089536K
  class space    used 5304K, committed 5632K, reserved 1048576K
}
Event: 32.869 GC heap before
{Heap before GC invocations=37 (full 0):
 garbage-first heap   total 186368K, used 137437K [0x0000000091000000, 0x0000000100000000)
  region size 1024K, 33 young (33792K), 4 survivors (4096K)
 Metaspace       used 45650K, committed 46272K, reserved 1089536K
  class space    used 5311K, committed 5632K, reserved 1048576K
}
Event: 32.878 GC heap after
{Heap after GC invocations=38 (full 0):
 garbage-first heap   total 186368K, used 110640K [0x0000000091000000, 0x0000000100000000)
  region size 1024K, 3 young (3072K), 3 survivors (3072K)
 Metaspace       used 45650K, committed 46272K, reserved 1089536K
  class space    used 5311K, committed 5632K, reserved 1048576K
}
Event: 33.020 GC heap before
{Heap before GC invocations=38 (full 0):
 garbage-first heap   total 186368K, used 116784K [0x0000000091000000, 0x0000000100000000)
  region size 1024K, 9 young (9216K), 3 survivors (3072K)
 Metaspace       used 45650K, committed 46272K, reserved 1089536K
  class space    used 5311K, committed 5632K, reserved 1048576K
}
Event: 33.025 GC heap after
{Heap after GC invocations=39 (full 0):
 garbage-first heap   total 186368K, used 110388K [0x0000000091000000, 0x0000000100000000)
  region size 1024K, 1 young (1024K), 1 survivors (1024K)
 Metaspace       used 45650K, committed 46272K, reserved 1089536K
  class space    used 5311K, committed 5632K, reserved 1048576K
}
Event: 35.447 GC heap before
{Heap before GC invocations=39 (full 0):
 garbage-first heap   total 186368K, used 154420K [0x0000000091000000, 0x0000000100000000)
  region size 1024K, 44 young (45056K), 1 survivors (1024K)
 Metaspace       used 46901K, committed 47552K, reserved 1097728K
  class space    used 5431K, committed 5760K, reserved 1048576K
}

